<!DOCTYPE html PUBLIC "-//W3C//DTD XHTML 1.1//EN" "http://www.w3.org/TR/xhtml11/DTD/xhtml11.dtd">
<html xmlns="http://www.w3.org/1999/xhtml">
<head>
<meta http-equiv="content-type" content="text/html; charset=UTF-8"/>
<title>TestNG Report</title>
<style type="text/css">table {margin-bottom:10px;border-collapse:collapse;empty-cells:show}th,td {border:1px solid #009;padding:.25em .5em}th {vertical-align:bottom}td {vertical-align:top}table a {font-weight:bold}.stripe td {background-color: #E6EBF9}.num {text-align:right}.passedodd td {background-color: #3F3}.passedeven td {background-color: #0A0}.skippedodd td {background-color: #DDD}.skippedeven td {background-color: #CCC}.failedodd td,.attn {background-color: #F33}.failedeven td,.stripe .attn {background-color: #D00}.stacktrace {white-space:pre;font-family:monospace}.totop {font-size:85%;text-align:center;border-bottom:2px solid #000}.invisible {display:none}</style>
</head>
<body>
<table>
<tr><th>Test</th><th># Passed</th><th># Skipped</th><th># Failed</th><th>Time (ms)</th><th>Included Groups</th><th>Excluded Groups</th></tr>
<tr><th colspan="7">Default suite</th></tr>
<tr><td><a href="#t0">Default test</a></td><td class="num">3</td><td class="num">0</td><td class="num attn">2</td><td class="num">70,238</td><td></td><td></td></tr>
</table>
<table id='summary'><thead><tr><th>Class</th><th>Method</th><th>Start</th><th>Time (ms)</th></tr></thead><tbody><tr><th colspan="4">Default suite</th></tr></tbody><tbody id="t0"><tr><th colspan="4">Default test &#8212; failed</th></tr><tr class="failedeven"><td rowspan="2">com.guru99.runners.CukesRunner</td><td><a href="#m0">runScenario</a></td><td rowspan="2">1532470509197</td><td rowspan="2">12688</td></tr><tr class="failedeven"><td><a href="#m1">runScenario</a></td></tr><tr><th colspan="4">Default test &#8212; passed</th></tr><tr class="passedeven"><td rowspan="3">com.guru99.runners.CukesRunner</td><td><a href="#m2">runScenario</a></td><td rowspan="3">1532470521886</td><td rowspan="3">11978</td></tr><tr class="passedeven"><td><a href="#m3">runScenario</a></td></tr><tr class="passedeven"><td><a href="#m4">runScenario</a></td></tr></tbody>
</table>
<h2>Default test</h2><h3 id="m0">com.guru99.runners.CukesRunner#runScenario</h3><table class="result"><tr class="param"><th>Parameter #1</th><th>Parameter #2</th></tr><tr class="param stripe"><td>&quot;Verify customer id&quot;</td><td>&quot;Edit customer&quot;</td></tr><tr><th colspan="2">Messages</th></tr><tr><td colspan="2"><div class="messages"><div "result">I logged in to my bank account (PASSED : 11s)</div><br/><div "result">I am on edit customer page (PASSED : 0s)</div><br/><div "result">I  enter &quot;Acc123&quot; value in customer id field (PASSED : 0s)</div><br/><div "result">I press tab and move to next field (PASSED : 0s)</div><br/><div "result">Error message &quot;Characters are not allowed&quot; for id should be displayed (FAILED : 0s)</div></div></td></tr><tr><th colspan="2">Exception</th></tr><tr><td colspan="2"><div class="stacktrace">java.lang.AssertionError: expected [Characters are not allowed] but found []
	at org.testng.Assert.fail(Assert.java:96)
	at org.testng.Assert.failNotEquals(Assert.java:776)
	at org.testng.Assert.assertEqualsImpl(Assert.java:137)
	at org.testng.Assert.assertEquals(Assert.java:118)
	at org.testng.Assert.assertEquals(Assert.java:453)
	at org.testng.Assert.assertEquals(Assert.java:463)
	at com.guru99.step_definitions.EditCustomerStepDefs.error_message_for_id_should_be_displayed(EditCustomerStepDefs.java:42)
	at ✽.Error message &quot;Characters are not allowed&quot; for id should be displayed(src/test/resources/com/guru99/features/EditCustomer.feature:13)
</div></td></tr></table><p class="totop"><a href="#summary">back to summary</a></p>
<h3 id="m1">com.guru99.runners.CukesRunner#runScenario</h3><table class="result"><tr class="param"><th>Parameter #1</th><th>Parameter #2</th></tr><tr class="param stripe"><td>&quot;Verify customer id&quot;</td><td>&quot;Edit customer&quot;</td></tr><tr><th colspan="2">Messages</th></tr><tr><td colspan="2"><div class="messages"><div "result">I logged in to my bank account (PASSED : 10s)</div><br/><div "result">I am on edit customer page (PASSED : 0s)</div><br/><div "result">I  enter &quot;1234Acc&quot; value in customer id field (PASSED : 0s)</div><br/><div "result">I press tab and move to next field (PASSED : 0s)</div><br/><div "result">Error message &quot;Characters are not allowed&quot; for id should be displayed (FAILED : 0s)</div></div></td></tr><tr><th colspan="2">Exception</th></tr><tr><td colspan="2"><div class="stacktrace">java.lang.AssertionError: expected [Characters are not allowed] but found []
	at org.testng.Assert.fail(Assert.java:96)
	at org.testng.Assert.failNotEquals(Assert.java:776)
	at org.testng.Assert.assertEqualsImpl(Assert.java:137)
	at org.testng.Assert.assertEquals(Assert.java:118)
	at org.testng.Assert.assertEquals(Assert.java:453)
	at org.testng.Assert.assertEquals(Assert.java:463)
	at com.guru99.step_definitions.EditCustomerStepDefs.error_message_for_id_should_be_displayed(EditCustomerStepDefs.java:42)
	at ✽.Error message &quot;Characters are not allowed&quot; for id should be displayed(src/test/resources/com/guru99/features/EditCustomer.feature:13)
</div></td></tr></table><p class="totop"><a href="#summary">back to summary</a></p>
<h3 id="m2">com.guru99.runners.CukesRunner#runScenario</h3><table class="result"><tr class="param"><th>Parameter #1</th><th>Parameter #2</th></tr><tr class="param stripe"><td>&quot;Verify customer id&quot;</td><td>&quot;Edit customer&quot;</td></tr><tr><th colspan="2">Messages</th></tr><tr><td colspan="2"><div class="messages"><div "result">I logged in to my bank account (PASSED : 10s)</div><br/><div "result">I am on edit customer page (PASSED : 0s)</div><br/><div "result">I  enter &quot;name!@&quot; value in customer id field (PASSED : 0s)</div><br/><div "result">I press tab and move to next field (PASSED : 0s)</div><br/><div "result">Error message &quot;Special characters are not allowed&quot; for id should be displayed (PASSED : 0s)</div></div></td></tr></table><p class="totop"><a href="#summary">back to summary</a></p>
<h3 id="m3">com.guru99.runners.CukesRunner#runScenario</h3><table class="result"><tr class="param"><th>Parameter #1</th><th>Parameter #2</th></tr><tr class="param stripe"><td>&quot;Verify customer id&quot;</td><td>&quot;Edit customer&quot;</td></tr><tr><th colspan="2">Messages</th></tr><tr><td colspan="2"><div class="messages"><div "result">I logged in to my bank account (PASSED : 11s)</div><br/><div "result">I am on edit customer page (PASSED : 0s)</div><br/><div "result">I  enter &quot;!@&quot; value in customer id field (PASSED : 0s)</div><br/><div "result">I press tab and move to next field (PASSED : 0s)</div><br/><div "result">Error message &quot;Special characters are not allowed&quot; for id should be displayed (PASSED : 0s)</div></div></td></tr></table><p class="totop"><a href="#summary">back to summary</a></p>
<h3 id="m4">com.guru99.runners.CukesRunner#runScenario</h3><table class="result"><tr class="param"><th>Parameter #1</th><th>Parameter #2</th></tr><tr class="param stripe"><td>&quot;Verify customer id&quot;</td><td>&quot;Edit customer&quot;</td></tr><tr><th colspan="2">Messages</th></tr><tr><td colspan="2"><div class="messages"><div "result">I logged in to my bank account (PASSED : 11s)</div><br/><div "result">I am on edit customer page (PASSED : 0s)</div><br/><div "result">I  enter &quot;empty&quot; value in customer id field (PASSED : 0s)</div><br/><div "result">I press tab and move to next field (PASSED : 0s)</div><br/><div "result">Error message &quot;Customer ID is required&quot; for id should be displayed (PASSED : 0s)</div></div></td></tr></table><p class="totop"><a href="#summary">back to summary</a></p>
</body>
</html>
